<?xml version="1.0" encoding="UTF-8"?>
<!-- Generated by org.testng.reporters.JUnitReportReporter -->
<testsuite ignored="2" hostname="DESKTOP-35HBDVU" failures="0" tests="1" name="com.app.test.IgnoreTest_One" time="0.009" errors="0" timestamp="30 Mar 2025 06:43:21 GMT" skipped="0">
  <testcase classname="com.app.test.IgnoreTest_One" name="login" time="0.009"/>
  <testcase classname="com.app.test.IgnoreTest_One" name="pass">
    <skipped/>
  </testcase> <!-- pass -->
  <testcase classname="com.app.test.IgnoreTest_One" name="user">
    <skipped/>
  </testcase> <!-- user -->
</testsuite> <!-- com.app.test.IgnoreTest_One -->
