<?xml version="1.0" encoding="UTF-8"?>
<!-- Generated by org.testng.reporters.JUnitReportReporter -->
<testsuite ignored="0" hostname="DESKTOP-35HBDVU" failures="0" tests="3" name="com.app.test.Parallel_Method" time="0.020" errors="0" timestamp="05 Apr 2025 00:51:09 GMT" skipped="0">
  <testcase classname="com.app.test.Parallel_Method" name="pass" time="0.009"/>
  <testcase classname="com.app.test.Parallel_Method" name="login" time="0.009"/>
  <testcase classname="com.app.test.Parallel_Method" name="user" time="0.002"/>
</testsuite> <!-- com.app.test.Parallel_Method -->
