<?xml version="1.0" encoding="UTF-8"?>
<!-- Generated by org.testng.reporters.JUnitReportReporter -->
<testsuite ignored="0" hostname="DESKTOP-35HBDVU" failures="0" tests="1" name="com.app.test.SampleAnn" time="0.005" errors="0" timestamp="30 Mar 2025 06:01:38 GMT" skipped="0">
  <testcase classname="com.app.test.SampleAnn" name="test1" time="0.005"/>
</testsuite> <!-- com.app.test.SampleAnn -->
