<?xml version="1.0" encoding="UTF-8"?>
<!-- Generated by org.testng.reporters.JUnitReportReporter -->
<testsuite ignored="0" hostname="DESKTOP-35HBDVU" failures="0" tests="2" name="com.app.test.DependsOn_Test" time="0.009" errors="0" timestamp="30 Mar 2025 06:45:52 GMT" skipped="0">
  <testcase classname="com.app.test.DependsOn_Test" name="pass" time="0.001"/>
  <testcase classname="com.app.test.DependsOn_Test" name="user" time="0.008"/>
</testsuite> <!-- com.app.test.DependsOn_Test -->
