<?xml version="1.0" encoding="UTF-8"?>
<!-- Generated by org.testng.reporters.JUnitReportReporter -->
<testsuite ignored="0" hostname="DESKTOP-35HBDVU" failures="0" tests="2" name="com.app.test.DataProvider_Test" time="0.015" errors="0" timestamp="08 Apr 2025 00:48:25 GMT" skipped="0">
  <testcase classname="com.app.test.DataProvider_Test" name="test1" time="0.002"/>
  <testcase classname="com.app.test.DataProvider_Test" name="test1" time="0.013"/>
</testsuite> <!-- com.app.test.DataProvider_Test -->
