<?xml version="1.0" encoding="UTF-8"?>
<!-- Generated by org.testng.reporters.JUnitReportReporter -->
<testsuite ignored="0" hostname="DESKTOP-35HBDVU" failures="0" tests="3" name="com.app.test.Test_Prio" time="0.012" errors="0" timestamp="30 Mar 2025 06:07:21 GMT" skipped="0">
  <testcase classname="com.app.test.Test_Prio" name="pass" time="0.001"/>
  <testcase classname="com.app.test.Test_Prio" name="login" time="0.002"/>
  <testcase classname="com.app.test.Test_Prio" name="user" time="0.009"/>
</testsuite> <!-- com.app.test.Test_Prio -->
