<?xml version="1.0" encoding="UTF-8"?>
<!-- Generated by org.testng.reporters.JUnitReportReporter -->
<testsuite ignored="0" hostname="DESKTOP-35HBDVU" failures="0" tests="1000" name="com.app.test.Invocation_Test" time="1.020" errors="0" timestamp="30 Mar 2025 06:35:36 GMT" skipped="0">
  <testcase classname="com.app.test.Invocation_Test" name="user" time="0.000"/>
  <testcase classname="com.app.test.Invocation_Test" name="user" time="0.000"/>
  <testcase classname="com.app.test.Invocation_Test" name="user" time="0.000"/>
  <testcase classname="com.app.test.Invocation_Test" name="user" time="0.001"/>
  <testcase classname="com.app.test.Invocation_Test" name="user" time="0.000"/>
  <testcase classname="com.app.test.Invocation_Test" name="user" time="0.000"/>
  <testcase classname="com.app.test.Invocation_Test" name="user" time="0.000"/>
  <testcase classname="com.app.test.Invocation_Test" name="user" time="0.000"/>
  <testcase classname="com.app.test.Invocation_Test" name="user" time="0.002"/>
  <testcase classname="com.app.test.Invocation_Test" name="user" time="0.000"/>
  <testcase classname="com.app.test.Invocation_Test" name="user" time="0.000"/>
  <testcase classname="com.app.test.Invocation_Test" name="user" time="0.000"/>
  <testcase classname="com.app.test.Invocation_Test" name="user" time="0.000"/>
  <testcase classname="com.app.test.Invocation_Test" name="user" time="0.000"/>
  <testcase classname="com.app.test.Invocation_Test" name="user" time="0.000"/>
  <testcase classname="com.app.test.Invocation_Test" name="user" time="0.000"/>
  <testcase classname="com.app.test.Invocation_Test" name="user" time="0.000"/>
  <testcase classname="com.app.test.Invocation_Test" name="user" time="0.000"/>
  <testcase classname="com.app.test.Invocation_Test" name="user" time="0.000"/>
  <testcase classname="com.app.test.Invocation_Test" name="user" time="0.000"/>
  <testcase classname="com.app.test.Invocation_Test" name="user" time="0.000"/>
  <testcase classname="com.app.test.Invocation_Test" name="user" time="0.001"/>
  <testcase classname="com.app.test.Invocation_Test" name="user" time="0.001"/>
  <testcase classname="com.app.test.Invocation_Test" name="user" time="0.001"/>
  <testcase classname="com.app.test.Invocation_Test" name="user" time="0.000"/>
  <testcase classname="com.app.test.Invocation_Test" name="user" time="0.000"/>
  <testcase classname="com.app.test.Invocation_Test" name="user" time="0.001"/>
  <testcase classname="com.app.test.Invocation_Test" name="user" time="0.000"/>
  <testcase classname="com.app.test.Invocation_Test" name="user" time="0.000"/>
  <testcase classname="com.app.test.Invocation_Test" name="user" time="0.000"/>
  <testcase classname="com.app.test.Invocation_Test" name="user" time="0.001"/>
  <testcase classname="com.app.test.Invocation_Test" name="user" time="0.000"/>
  <testcase classname="com.app.test.Invocation_Test" name="user" time="0.000"/>
  <testcase classname="com.app.test.Invocation_Test" name="user" time="0.001"/>
  <testcase classname="com.app.test.Invocation_Test" name="user" time="0.000"/>
  <testcase classname="com.app.test.Invocation_Test" name="user" time="0.001"/>
  <testcase classname="com.app.test.Invocation_Test" name="user" time="0.000"/>
  <testcase classname="com.app.test.Invocation_Test" name="user" time="0.001"/>
  <testcase classname="com.app.test.Invocation_Test" name="user" time="0.000"/>
  <testcase classname="com.app.test.Invocation_Test" name="user" time="0.000"/>
  <testcase classname="com.app.test.Invocation_Test" name="user" time="0.000"/>
  <testcase classname="com.app.test.Invocation_Test" name="user" time="0.000"/>
  <testcase classname="com.app.test.Invocation_Test" name="user" time="0.000"/>
  <testcase classname="com.app.test.Invocation_Test" name="user" time="0.000"/>
  <testcase classname="com.app.test.Invocation_Test" name="user" time="0.000"/>
  <testcase classname="com.app.test.Invocation_Test" name="user" time="0.001"/>
  <testcase classname="com.app.test.Invocation_Test" name="user" time="0.000"/>
  <testcase classname="com.app.test.Invocation_Test" name="user" time="0.000"/>
  <testcase classname="com.app.test.Invocation_Test" name="user" time="0.001"/>
  <testcase classname="com.app.test.Invocation_Test" name="user" time="0.001"/>
  <testcase classname="com.app.test.Invocation_Test" name="user" time="0.000"/>
  <testcase classname="com.app.test.Invocation_Test" name="user" time="0.000"/>
  <testcase classname="com.app.test.Invocation_Test" name="user" time="0.000"/>
  <testcase classname="com.app.test.Invocation_Test" name="user" time="0.000"/>
  <testcase classname="com.app.test.Invocation_Test" name="user" time="0.000"/>
  <testcase classname="com.app.test.Invocation_Test" name="user" time="0.000"/>
  <testcase classname="com.app.test.Invocation_Test" name="user" time="0.000"/>
  <testcase classname="com.app.test.Invocation_Test" name="user" time="0.001"/>
  <testcase classname="com.app.test.Invocation_Test" name="user" time="0.000"/>
  <testcase classname="com.app.test.Invocation_Test" name="user" time="0.001"/>
  <testcase classname="com.app.test.Invocation_Test" name="user" time="0.000"/>
  <testcase classname="com.app.test.Invocation_Test" name="user" time="0.001"/>
  <testcase classname="com.app.test.Invocation_Test" name="user" time="0.000"/>
  <testcase classname="com.app.test.Invocation_Test" name="user" time="0.000"/>
  <testcase classname="com.app.test.Invocation_Test" name="user" time="0.000"/>
  <testcase classname="com.app.test.Invocation_Test" name="user" time="0.000"/>
  <testcase classname="com.app.test.Invocation_Test" name="user" time="0.000"/>
  <testcase classname="com.app.test.Invocation_Test" name="user" time="0.001"/>
  <testcase classname="com.app.test.Invocation_Test" name="user" time="0.000"/>
  <testcase classname="com.app.test.Invocation_Test" name="user" time="0.001"/>
  <testcase classname="com.app.test.Invocation_Test" name="user" time="0.001"/>
  <testcase classname="com.app.test.Invocation_Test" name="user" time="0.001"/>
  <testcase classname="com.app.test.Invocation_Test" name="user" time="0.001"/>
  <testcase classname="com.app.test.Invocation_Test" name="user" time="0.000"/>
  <testcase classname="com.app.test.Invocation_Test" name="user" time="0.002"/>
  <testcase classname="com.app.test.Invocation_Test" name="user" time="0.000"/>
  <testcase classname="com.app.test.Invocation_Test" name="user" time="0.000"/>
  <testcase classname="com.app.test.Invocation_Test" name="user" time="0.000"/>
  <testcase classname="com.app.test.Invocation_Test" name="user" time="0.000"/>
  <testcase classname="com.app.test.Invocation_Test" name="user" time="0.001"/>
  <testcase classname="com.app.test.Invocation_Test" name="user" time="0.000"/>
  <testcase classname="com.app.test.Invocation_Test" name="user" time="0.000"/>
  <testcase classname="com.app.test.Invocation_Test" name="user" time="0.000"/>
  <testcase classname="com.app.test.Invocation_Test" name="user" time="0.000"/>
  <testcase classname="com.app.test.Invocation_Test" name="user" time="0.000"/>
  <testcase classname="com.app.test.Invocation_Test" name="user" time="0.001"/>
  <testcase classname="com.app.test.Invocation_Test" name="user" time="0.000"/>
  <testcase classname="com.app.test.Invocation_Test" name="user" time="0.000"/>
  <testcase classname="com.app.test.Invocation_Test" name="user" time="0.001"/>
  <testcase classname="com.app.test.Invocation_Test" name="user" time="0.000"/>
  <testcase classname="com.app.test.Invocation_Test" name="user" time="0.000"/>
  <testcase classname="com.app.test.Invocation_Test" name="user" time="0.000"/>
  <testcase classname="com.app.test.Invocation_Test" name="user" time="0.000"/>
  <testcase classname="com.app.test.Invocation_Test" name="user" time="0.000"/>
  <testcase classname="com.app.test.Invocation_Test" name="user" time="0.000"/>
  <testcase classname="com.app.test.Invocation_Test" name="user" time="0.000"/>
  <testcase classname="com.app.test.Invocation_Test" name="user" time="0.000"/>
  <testcase classname="com.app.test.Invocation_Test" name="user" time="0.000"/>
  <testcase classname="com.app.test.Invocation_Test" name="user" time="0.000"/>
  <testcase classname="com.app.test.Invocation_Test" name="user" time="0.002"/>
  <testcase classname="com.app.test.Invocation_Test" name="user" time="0.000"/>
  <testcase classname="com.app.test.Invocation_Test" name="user" time="0.000"/>
  <testcase classname="com.app.test.Invocation_Test" name="user" time="0.000"/>
  <testcase classname="com.app.test.Invocation_Test" name="user" time="0.001"/>
  <testcase classname="com.app.test.Invocation_Test" name="user" time="0.001"/>
  <testcase classname="com.app.test.Invocation_Test" name="user" time="0.000"/>
  <testcase classname="com.app.test.Invocation_Test" name="user" time="0.000"/>
  <testcase classname="com.app.test.Invocation_Test" name="user" time="0.001"/>
  <testcase classname="com.app.test.Invocation_Test" name="user" time="0.000"/>
  <testcase classname="com.app.test.Invocation_Test" name="user" time="0.000"/>
  <testcase classname="com.app.test.Invocation_Test" name="user" time="0.000"/>
  <testcase classname="com.app.test.Invocation_Test" name="user" time="0.001"/>
  <testcase classname="com.app.test.Invocation_Test" name="user" time="0.001"/>
  <testcase classname="com.app.test.Invocation_Test" name="user" time="0.000"/>
  <testcase classname="com.app.test.Invocation_Test" name="user" time="0.000"/>
  <testcase classname="com.app.test.Invocation_Test" name="user" time="0.000"/>
  <testcase classname="com.app.test.Invocation_Test" name="user" time="0.000"/>
  <testcase classname="com.app.test.Invocation_Test" name="user" time="0.000"/>
  <testcase classname="com.app.test.Invocation_Test" name="user" time="0.001"/>
  <testcase classname="com.app.test.Invocation_Test" name="user" time="0.000"/>
  <testcase classname="com.app.test.Invocation_Test" name="user" time="0.000"/>
  <testcase classname="com.app.test.Invocation_Test" name="user" time="0.000"/>
  <testcase classname="com.app.test.Invocation_Test" name="user" time="0.001"/>
  <testcase classname="com.app.test.Invocation_Test" name="user" time="0.000"/>
  <testcase classname="com.app.test.Invocation_Test" name="user" time="0.000"/>
  <testcase classname="com.app.test.Invocation_Test" name="user" time="0.000"/>
  <testcase classname="com.app.test.Invocation_Test" name="user" time="0.000"/>
  <testcase classname="com.app.test.Invocation_Test" name="user" time="0.001"/>
  <testcase classname="com.app.test.Invocation_Test" name="user" time="0.001"/>
  <testcase classname="com.app.test.Invocation_Test" name="user" time="0.000"/>
  <testcase classname="com.app.test.Invocation_Test" name="user" time="0.000"/>
  <testcase classname="com.app.test.Invocation_Test" name="user" time="0.000"/>
  <testcase classname="com.app.test.Invocation_Test" name="user" time="0.000"/>
  <testcase classname="com.app.test.Invocation_Test" name="user" time="0.000"/>
  <testcase classname="com.app.test.Invocation_Test" name="user" time="0.000"/>
  <testcase classname="com.app.test.Invocation_Test" name="user" time="0.000"/>
  <testcase classname="com.app.test.Invocation_Test" name="user" time="0.726"/>
  <testcase classname="com.app.test.Invocation_Test" name="user" time="0.000"/>
  <testcase classname="com.app.test.Invocation_Test" name="user" time="0.000"/>
  <testcase classname="com.app.test.Invocation_Test" name="user" time="0.000"/>
  <testcase classname="com.app.test.Invocation_Test" name="user" time="0.000"/>
  <testcase classname="com.app.test.Invocation_Test" name="user" time="0.000"/>
  <testcase classname="com.app.test.Invocation_Test" name="user" time="0.000"/>
  <testcase classname="com.app.test.Invocation_Test" name="user" time="0.000"/>
  <testcase classname="com.app.test.Invocation_Test" name="user" time="0.001"/>
  <testcase classname="com.app.test.Invocation_Test" name="user" time="0.000"/>
  <testcase classname="com.app.test.Invocation_Test" name="user" time="0.001"/>
  <testcase classname="com.app.test.Invocation_Test" name="user" time="0.000"/>
  <testcase classname="com.app.test.Invocation_Test" name="user" time="0.000"/>
  <testcase classname="com.app.test.Invocation_Test" name="user" time="0.000"/>
  <testcase classname="com.app.test.Invocation_Test" name="user" time="0.000"/>
  <testcase classname="com.app.test.Invocation_Test" name="user" time="0.000"/>
  <testcase classname="com.app.test.Invocation_Test" name="user" time="0.001"/>
  <testcase classname="com.app.test.Invocation_Test" name="user" time="0.000"/>
  <testcase classname="com.app.test.Invocation_Test" name="user" time="0.000"/>
  <testcase classname="com.app.test.Invocation_Test" name="user" time="0.000"/>
  <testcase classname="com.app.test.Invocation_Test" name="user" time="0.000"/>
  <testcase classname="com.app.test.Invocation_Test" name="user" time="0.000"/>
  <testcase classname="com.app.test.Invocation_Test" name="user" time="0.000"/>
  <testcase classname="com.app.test.Invocation_Test" name="user" time="0.003"/>
  <testcase classname="com.app.test.Invocation_Test" name="user" time="0.002"/>
  <testcase classname="com.app.test.Invocation_Test" name="user" time="0.000"/>
  <testcase classname="com.app.test.Invocation_Test" name="user" time="0.000"/>
  <testcase classname="com.app.test.Invocation_Test" name="user" time="0.000"/>
  <testcase classname="com.app.test.Invocation_Test" name="user" time="0.000"/>
  <testcase classname="com.app.test.Invocation_Test" name="user" time="0.000"/>
  <testcase classname="com.app.test.Invocation_Test" name="user" time="0.000"/>
  <testcase classname="com.app.test.Invocation_Test" name="user" time="0.000"/>
  <testcase classname="com.app.test.Invocation_Test" name="user" time="0.000"/>
  <testcase classname="com.app.test.Invocation_Test" name="user" time="0.000"/>
  <testcase classname="com.app.test.Invocation_Test" name="user" time="0.002"/>
  <testcase classname="com.app.test.Invocation_Test" name="user" time="0.000"/>
  <testcase classname="com.app.test.Invocation_Test" name="user" time="0.001"/>
  <testcase classname="com.app.test.Invocation_Test" name="user" time="0.000"/>
  <testcase classname="com.app.test.Invocation_Test" name="user" time="0.000"/>
  <testcase classname="com.app.test.Invocation_Test" name="user" time="0.000"/>
  <testcase classname="com.app.test.Invocation_Test" name="user" time="0.001"/>
  <testcase classname="com.app.test.Invocation_Test" name="user" time="0.000"/>
  <testcase classname="com.app.test.Invocation_Test" name="user" time="0.000"/>
  <testcase classname="com.app.test.Invocation_Test" name="user" time="0.000"/>
  <testcase classname="com.app.test.Invocation_Test" name="user" time="0.000"/>
  <testcase classname="com.app.test.Invocation_Test" name="user" time="0.000"/>
  <testcase classname="com.app.test.Invocation_Test" name="user" time="0.000"/>
  <testcase classname="com.app.test.Invocation_Test" name="user" time="0.000"/>
  <testcase classname="com.app.test.Invocation_Test" name="user" time="0.000"/>
  <testcase classname="com.app.test.Invocation_Test" name="user" time="0.000"/>
  <testcase classname="com.app.test.Invocation_Test" name="user" time="0.000"/>
  <testcase classname="com.app.test.Invocation_Test" name="user" time="0.000"/>
  <testcase classname="com.app.test.Invocation_Test" name="user" time="0.000"/>
  <testcase classname="com.app.test.Invocation_Test" name="user" time="0.000"/>
  <testcase classname="com.app.test.Invocation_Test" name="user" time="0.000"/>
  <testcase classname="com.app.test.Invocation_Test" name="user" time="0.000"/>
  <testcase classname="com.app.test.Invocation_Test" name="user" time="0.000"/>
  <testcase classname="com.app.test.Invocation_Test" name="user" time="0.001"/>
  <testcase classname="com.app.test.Invocation_Test" name="user" time="0.000"/>
  <testcase classname="com.app.test.Invocation_Test" name="user" time="0.000"/>
  <testcase classname="com.app.test.Invocation_Test" name="user" time="0.001"/>
  <testcase classname="com.app.test.Invocation_Test" name="user" time="0.000"/>
  <testcase classname="com.app.test.Invocation_Test" name="user" time="0.000"/>
  <testcase classname="com.app.test.Invocation_Test" name="user" time="0.000"/>
  <testcase classname="com.app.test.Invocation_Test" name="user" time="0.000"/>
  <testcase classname="com.app.test.Invocation_Test" name="user" time="0.000"/>
  <testcase classname="com.app.test.Invocation_Test" name="user" time="0.000"/>
  <testcase classname="com.app.test.Invocation_Test" name="user" time="0.000"/>
  <testcase classname="com.app.test.Invocation_Test" name="user" time="0.000"/>
  <testcase classname="com.app.test.Invocation_Test" name="user" time="0.001"/>
  <testcase classname="com.app.test.Invocation_Test" name="user" time="0.000"/>
  <testcase classname="com.app.test.Invocation_Test" name="user" time="0.000"/>
  <testcase classname="com.app.test.Invocation_Test" name="user" time="0.001"/>
  <testcase classname="com.app.test.Invocation_Test" name="user" time="0.000"/>
  <testcase classname="com.app.test.Invocation_Test" name="user" time="0.000"/>
  <testcase classname="com.app.test.Invocation_Test" name="user" time="0.001"/>
  <testcase classname="com.app.test.Invocation_Test" name="user" time="0.000"/>
  <testcase classname="com.app.test.Invocation_Test" name="user" time="0.000"/>
  <testcase classname="com.app.test.Invocation_Test" name="user" time="0.000"/>
  <testcase classname="com.app.test.Invocation_Test" name="user" time="0.000"/>
  <testcase classname="com.app.test.Invocation_Test" name="user" time="0.001"/>
  <testcase classname="com.app.test.Invocation_Test" name="user" time="0.000"/>
  <testcase classname="com.app.test.Invocation_Test" name="user" time="0.000"/>
  <testcase classname="com.app.test.Invocation_Test" name="user" time="0.000"/>
  <testcase classname="com.app.test.Invocation_Test" name="user" time="0.001"/>
  <testcase classname="com.app.test.Invocation_Test" name="user" time="0.000"/>
  <testcase classname="com.app.test.Invocation_Test" name="user" time="0.002"/>
  <testcase classname="com.app.test.Invocation_Test" name="user" time="0.001"/>
  <testcase classname="com.app.test.Invocation_Test" name="user" time="0.002"/>
  <testcase classname="com.app.test.Invocation_Test" name="user" time="0.000"/>
  <testcase classname="com.app.test.Invocation_Test" name="user" time="0.001"/>
  <testcase classname="com.app.test.Invocation_Test" name="user" time="0.000"/>
  <testcase classname="com.app.test.Invocation_Test" name="user" time="0.000"/>
  <testcase classname="com.app.test.Invocation_Test" name="user" time="0.001"/>
  <testcase classname="com.app.test.Invocation_Test" name="user" time="0.000"/>
  <testcase classname="com.app.test.Invocation_Test" name="user" time="0.003"/>
  <testcase classname="com.app.test.Invocation_Test" name="user" time="0.000"/>
  <testcase classname="com.app.test.Invocation_Test" name="user" time="0.001"/>
  <testcase classname="com.app.test.Invocation_Test" name="user" time="0.000"/>
  <testcase classname="com.app.test.Invocation_Test" name="user" time="0.000"/>
  <testcase classname="com.app.test.Invocation_Test" name="user" time="0.001"/>
  <testcase classname="com.app.test.Invocation_Test" name="user" time="0.000"/>
  <testcase classname="com.app.test.Invocation_Test" name="user" time="0.000"/>
  <testcase classname="com.app.test.Invocation_Test" name="user" time="0.001"/>
  <testcase classname="com.app.test.Invocation_Test" name="user" time="0.000"/>
  <testcase classname="com.app.test.Invocation_Test" name="user" time="0.000"/>
  <testcase classname="com.app.test.Invocation_Test" name="user" time="0.000"/>
  <testcase classname="com.app.test.Invocation_Test" name="user" time="0.002"/>
  <testcase classname="com.app.test.Invocation_Test" name="user" time="0.000"/>
  <testcase classname="com.app.test.Invocation_Test" name="user" time="0.001"/>
  <testcase classname="com.app.test.Invocation_Test" name="user" time="0.000"/>
  <testcase classname="com.app.test.Invocation_Test" name="user" time="0.001"/>
  <testcase classname="com.app.test.Invocation_Test" name="user" time="0.000"/>
  <testcase classname="com.app.test.Invocation_Test" name="user" time="0.000"/>
  <testcase classname="com.app.test.Invocation_Test" name="user" time="0.000"/>
  <testcase classname="com.app.test.Invocation_Test" name="user" time="0.000"/>
  <testcase classname="com.app.test.Invocation_Test" name="user" time="0.000"/>
  <testcase classname="com.app.test.Invocation_Test" name="user" time="0.000"/>
  <testcase classname="com.app.test.Invocation_Test" name="user" time="0.000"/>
  <testcase classname="com.app.test.Invocation_Test" name="user" time="0.000"/>
  <testcase classname="com.app.test.Invocation_Test" name="user" time="0.000"/>
  <testcase classname="com.app.test.Invocation_Test" name="user" time="0.000"/>
  <testcase classname="com.app.test.Invocation_Test" name="user" time="0.000"/>
  <testcase classname="com.app.test.Invocation_Test" name="user" time="0.000"/>
  <testcase classname="com.app.test.Invocation_Test" name="user" time="0.001"/>
  <testcase classname="com.app.test.Invocation_Test" name="user" time="0.000"/>
  <testcase classname="com.app.test.Invocation_Test" name="user" time="0.000"/>
  <testcase classname="com.app.test.Invocation_Test" name="user" time="0.000"/>
  <testcase classname="com.app.test.Invocation_Test" name="user" time="0.000"/>
  <testcase classname="com.app.test.Invocation_Test" name="user" time="0.000"/>
  <testcase classname="com.app.test.Invocation_Test" name="user" time="0.000"/>
  <testcase classname="com.app.test.Invocation_Test" name="user" time="0.000"/>
  <testcase classname="com.app.test.Invocation_Test" name="user" time="0.000"/>
  <testcase classname="com.app.test.Invocation_Test" name="user" time="0.000"/>
  <testcase classname="com.app.test.Invocation_Test" name="user" time="0.001"/>
  <testcase classname="com.app.test.Invocation_Test" name="user" time="0.001"/>
  <testcase classname="com.app.test.Invocation_Test" name="user" time="0.001"/>
  <testcase classname="com.app.test.Invocation_Test" name="user" time="0.000"/>
  <testcase classname="com.app.test.Invocation_Test" name="user" time="0.000"/>
  <testcase classname="com.app.test.Invocation_Test" name="user" time="0.000"/>
  <testcase classname="com.app.test.Invocation_Test" name="user" time="0.000"/>
  <testcase classname="com.app.test.Invocation_Test" name="user" time="0.001"/>
  <testcase classname="com.app.test.Invocation_Test" name="user" time="0.000"/>
  <testcase classname="com.app.test.Invocation_Test" name="user" time="0.000"/>
  <testcase classname="com.app.test.Invocation_Test" name="user" time="0.000"/>
  <testcase classname="com.app.test.Invocation_Test" name="user" time="0.001"/>
  <testcase classname="com.app.test.Invocation_Test" name="user" time="0.000"/>
  <testcase classname="com.app.test.Invocation_Test" name="user" time="0.000"/>
  <testcase classname="com.app.test.Invocation_Test" name="user" time="0.000"/>
  <testcase classname="com.app.test.Invocation_Test" name="user" time="0.000"/>
  <testcase classname="com.app.test.Invocation_Test" name="user" time="0.001"/>
  <testcase classname="com.app.test.Invocation_Test" name="user" time="0.000"/>
  <testcase classname="com.app.test.Invocation_Test" name="user" time="0.000"/>
  <testcase classname="com.app.test.Invocation_Test" name="user" time="0.000"/>
  <testcase classname="com.app.test.Invocation_Test" name="user" time="0.000"/>
  <testcase classname="com.app.test.Invocation_Test" name="user" time="0.000"/>
  <testcase classname="com.app.test.Invocation_Test" name="user" time="0.000"/>
  <testcase classname="com.app.test.Invocation_Test" name="user" time="0.000"/>
  <testcase classname="com.app.test.Invocation_Test" name="user" time="0.000"/>
  <testcase classname="com.app.test.Invocation_Test" name="user" time="0.000"/>
  <testcase classname="com.app.test.Invocation_Test" name="user" time="0.000"/>
  <testcase classname="com.app.test.Invocation_Test" name="user" time="0.000"/>
  <testcase classname="com.app.test.Invocation_Test" name="user" time="0.000"/>
  <testcase classname="com.app.test.Invocation_Test" name="user" time="0.000"/>
  <testcase classname="com.app.test.Invocation_Test" name="user" time="0.001"/>
  <testcase classname="com.app.test.Invocation_Test" name="user" time="0.002"/>
  <testcase classname="com.app.test.Invocation_Test" name="user" time="0.000"/>
  <testcase classname="com.app.test.Invocation_Test" name="user" time="0.000"/>
  <testcase classname="com.app.test.Invocation_Test" name="user" time="0.001"/>
  <testcase classname="com.app.test.Invocation_Test" name="user" time="0.000"/>
  <testcase classname="com.app.test.Invocation_Test" name="user" time="0.000"/>
  <testcase classname="com.app.test.Invocation_Test" name="user" time="0.000"/>
  <testcase classname="com.app.test.Invocation_Test" name="user" time="0.000"/>
  <testcase classname="com.app.test.Invocation_Test" name="user" time="0.001"/>
  <testcase classname="com.app.test.Invocation_Test" name="user" time="0.000"/>
  <testcase classname="com.app.test.Invocation_Test" name="user" time="0.000"/>
  <testcase classname="com.app.test.Invocation_Test" name="user" time="0.000"/>
  <testcase classname="com.app.test.Invocation_Test" name="user" time="0.001"/>
  <testcase classname="com.app.test.Invocation_Test" name="user" time="0.000"/>
  <testcase classname="com.app.test.Invocation_Test" name="user" time="0.000"/>
  <testcase classname="com.app.test.Invocation_Test" name="user" time="0.000"/>
  <testcase classname="com.app.test.Invocation_Test" name="user" time="0.001"/>
  <testcase classname="com.app.test.Invocation_Test" name="user" time="0.000"/>
  <testcase classname="com.app.test.Invocation_Test" name="user" time="0.000"/>
  <testcase classname="com.app.test.Invocation_Test" name="user" time="0.000"/>
  <testcase classname="com.app.test.Invocation_Test" name="user" time="0.000"/>
  <testcase classname="com.app.test.Invocation_Test" name="user" time="0.000"/>
  <testcase classname="com.app.test.Invocation_Test" name="user" time="0.000"/>
  <testcase classname="com.app.test.Invocation_Test" name="user" time="0.000"/>
  <testcase classname="com.app.test.Invocation_Test" name="user" time="0.001"/>
  <testcase classname="com.app.test.Invocation_Test" name="user" time="0.000"/>
  <testcase classname="com.app.test.Invocation_Test" name="user" time="0.001"/>
  <testcase classname="com.app.test.Invocation_Test" name="user" time="0.000"/>
  <testcase classname="com.app.test.Invocation_Test" name="user" time="0.000"/>
  <testcase classname="com.app.test.Invocation_Test" name="user" time="0.000"/>
  <testcase classname="com.app.test.Invocation_Test" name="user" time="0.000"/>
  <testcase classname="com.app.test.Invocation_Test" name="user" time="0.001"/>
  <testcase classname="com.app.test.Invocation_Test" name="user" time="0.000"/>
  <testcase classname="com.app.test.Invocation_Test" name="user" time="0.001"/>
  <testcase classname="com.app.test.Invocation_Test" name="user" time="0.000"/>
  <testcase classname="com.app.test.Invocation_Test" name="user" time="0.000"/>
  <testcase classname="com.app.test.Invocation_Test" name="user" time="0.000"/>
  <testcase classname="com.app.test.Invocation_Test" name="user" time="0.000"/>
  <testcase classname="com.app.test.Invocation_Test" name="user" time="0.001"/>
  <testcase classname="com.app.test.Invocation_Test" name="user" time="0.000"/>
  <testcase classname="com.app.test.Invocation_Test" name="user" time="0.000"/>
  <testcase classname="com.app.test.Invocation_Test" name="user" time="0.000"/>
  <testcase classname="com.app.test.Invocation_Test" name="user" time="0.001"/>
  <testcase classname="com.app.test.Invocation_Test" name="user" time="0.000"/>
  <testcase classname="com.app.test.Invocation_Test" name="user" time="0.001"/>
  <testcase classname="com.app.test.Invocation_Test" name="user" time="0.000"/>
  <testcase classname="com.app.test.Invocation_Test" name="user" time="0.000"/>
  <testcase classname="com.app.test.Invocation_Test" name="user" time="0.000"/>
  <testcase classname="com.app.test.Invocation_Test" name="user" time="0.000"/>
  <testcase classname="com.app.test.Invocation_Test" name="user" time="0.000"/>
  <testcase classname="com.app.test.Invocation_Test" name="user" time="0.000"/>
  <testcase classname="com.app.test.Invocation_Test" name="user" time="0.000"/>
  <testcase classname="com.app.test.Invocation_Test" name="user" time="0.000"/>
  <testcase classname="com.app.test.Invocation_Test" name="user" time="0.000"/>
  <testcase classname="com.app.test.Invocation_Test" name="user" time="0.000"/>
  <testcase classname="com.app.test.Invocation_Test" name="user" time="0.001"/>
  <testcase classname="com.app.test.Invocation_Test" name="user" time="0.000"/>
  <testcase classname="com.app.test.Invocation_Test" name="user" time="0.000"/>
  <testcase classname="com.app.test.Invocation_Test" name="user" time="0.000"/>
  <testcase classname="com.app.test.Invocation_Test" name="user" time="0.000"/>
  <testcase classname="com.app.test.Invocation_Test" name="user" time="0.000"/>
  <testcase classname="com.app.test.Invocation_Test" name="user" time="0.001"/>
  <testcase classname="com.app.test.Invocation_Test" name="user" time="0.000"/>
  <testcase classname="com.app.test.Invocation_Test" name="user" time="0.000"/>
  <testcase classname="com.app.test.Invocation_Test" name="user" time="0.000"/>
  <testcase classname="com.app.test.Invocation_Test" name="user" time="0.000"/>
  <testcase classname="com.app.test.Invocation_Test" name="user" time="0.000"/>
  <testcase classname="com.app.test.Invocation_Test" name="user" time="0.000"/>
  <testcase classname="com.app.test.Invocation_Test" name="user" time="0.000"/>
  <testcase classname="com.app.test.Invocation_Test" name="user" time="0.000"/>
  <testcase classname="com.app.test.Invocation_Test" name="user" time="0.000"/>
  <testcase classname="com.app.test.Invocation_Test" name="user" time="0.000"/>
  <testcase classname="com.app.test.Invocation_Test" name="user" time="0.000"/>
  <testcase classname="com.app.test.Invocation_Test" name="user" time="0.000"/>
  <testcase classname="com.app.test.Invocation_Test" name="user" time="0.000"/>
  <testcase classname="com.app.test.Invocation_Test" name="user" time="0.000"/>
  <testcase classname="com.app.test.Invocation_Test" name="user" time="0.002"/>
  <testcase classname="com.app.test.Invocation_Test" name="user" time="0.000"/>
  <testcase classname="com.app.test.Invocation_Test" name="user" time="0.000"/>
  <testcase classname="com.app.test.Invocation_Test" name="user" time="0.001"/>
  <testcase classname="com.app.test.Invocation_Test" name="user" time="0.000"/>
  <testcase classname="com.app.test.Invocation_Test" name="user" time="0.000"/>
  <testcase classname="com.app.test.Invocation_Test" name="user" time="0.000"/>
  <testcase classname="com.app.test.Invocation_Test" name="user" time="0.000"/>
  <testcase classname="com.app.test.Invocation_Test" name="user" time="0.001"/>
  <testcase classname="com.app.test.Invocation_Test" name="user" time="0.000"/>
  <testcase classname="com.app.test.Invocation_Test" name="user" time="0.000"/>
  <testcase classname="com.app.test.Invocation_Test" name="user" time="0.000"/>
  <testcase classname="com.app.test.Invocation_Test" name="user" time="0.000"/>
  <testcase classname="com.app.test.Invocation_Test" name="user" time="0.000"/>
  <testcase classname="com.app.test.Invocation_Test" name="user" time="0.000"/>
  <testcase classname="com.app.test.Invocation_Test" name="user" time="0.000"/>
  <testcase classname="com.app.test.Invocation_Test" name="user" time="0.000"/>
  <testcase classname="com.app.test.Invocation_Test" name="user" time="0.000"/>
  <testcase classname="com.app.test.Invocation_Test" name="user" time="0.001"/>
  <testcase classname="com.app.test.Invocation_Test" name="user" time="0.000"/>
  <testcase classname="com.app.test.Invocation_Test" name="user" time="0.000"/>
  <testcase classname="com.app.test.Invocation_Test" name="user" time="0.000"/>
  <testcase classname="com.app.test.Invocation_Test" name="user" time="0.000"/>
  <testcase classname="com.app.test.Invocation_Test" name="user" time="0.000"/>
  <testcase classname="com.app.test.Invocation_Test" name="user" time="0.000"/>
  <testcase classname="com.app.test.Invocation_Test" name="user" time="0.000"/>
  <testcase classname="com.app.test.Invocation_Test" name="user" time="0.000"/>
  <testcase classname="com.app.test.Invocation_Test" name="user" time="0.000"/>
  <testcase classname="com.app.test.Invocation_Test" name="user" time="0.000"/>
  <testcase classname="com.app.test.Invocation_Test" name="user" time="0.000"/>
  <testcase classname="com.app.test.Invocation_Test" name="user" time="0.001"/>
  <testcase classname="com.app.test.Invocation_Test" name="user" time="0.000"/>
  <testcase classname="com.app.test.Invocation_Test" name="user" time="0.000"/>
  <testcase classname="com.app.test.Invocation_Test" name="user" time="0.000"/>
  <testcase classname="com.app.test.Invocation_Test" name="user" time="0.000"/>
  <testcase classname="com.app.test.Invocation_Test" name="user" time="0.000"/>
  <testcase classname="com.app.test.Invocation_Test" name="user" time="0.000"/>
  <testcase classname="com.app.test.Invocation_Test" name="user" time="0.000"/>
  <testcase classname="com.app.test.Invocation_Test" name="user" time="0.001"/>
  <testcase classname="com.app.test.Invocation_Test" name="user" time="0.000"/>
  <testcase classname="com.app.test.Invocation_Test" name="user" time="0.000"/>
  <testcase classname="com.app.test.Invocation_Test" name="user" time="0.000"/>
  <testcase classname="com.app.test.Invocation_Test" name="user" time="0.002"/>
  <testcase classname="com.app.test.Invocation_Test" name="user" time="0.001"/>
  <testcase classname="com.app.test.Invocation_Test" name="user" time="0.000"/>
  <testcase classname="com.app.test.Invocation_Test" name="user" time="0.000"/>
  <testcase classname="com.app.test.Invocation_Test" name="user" time="0.007"/>
  <testcase classname="com.app.test.Invocation_Test" name="user" time="0.000"/>
  <testcase classname="com.app.test.Invocation_Test" name="user" time="0.000"/>
  <testcase classname="com.app.test.Invocation_Test" name="user" time="0.000"/>
  <testcase classname="com.app.test.Invocation_Test" name="user" time="0.000"/>
  <testcase classname="com.app.test.Invocation_Test" name="user" time="0.000"/>
  <testcase classname="com.app.test.Invocation_Test" name="user" time="0.000"/>
  <testcase classname="com.app.test.Invocation_Test" name="user" time="0.000"/>
  <testcase classname="com.app.test.Invocation_Test" name="user" time="0.000"/>
  <testcase classname="com.app.test.Invocation_Test" name="user" time="0.001"/>
  <testcase classname="com.app.test.Invocation_Test" name="user" time="0.001"/>
  <testcase classname="com.app.test.Invocation_Test" name="user" time="0.001"/>
  <testcase classname="com.app.test.Invocation_Test" name="user" time="0.000"/>
  <testcase classname="com.app.test.Invocation_Test" name="user" time="0.000"/>
  <testcase classname="com.app.test.Invocation_Test" name="user" time="0.001"/>
  <testcase classname="com.app.test.Invocation_Test" name="user" time="0.000"/>
  <testcase classname="com.app.test.Invocation_Test" name="user" time="0.003"/>
  <testcase classname="com.app.test.Invocation_Test" name="user" time="0.000"/>
  <testcase classname="com.app.test.Invocation_Test" name="user" time="0.000"/>
  <testcase classname="com.app.test.Invocation_Test" name="user" time="0.000"/>
  <testcase classname="com.app.test.Invocation_Test" name="user" time="0.000"/>
  <testcase classname="com.app.test.Invocation_Test" name="user" time="0.000"/>
  <testcase classname="com.app.test.Invocation_Test" name="user" time="0.000"/>
  <testcase classname="com.app.test.Invocation_Test" name="user" time="0.001"/>
  <testcase classname="com.app.test.Invocation_Test" name="user" time="0.000"/>
  <testcase classname="com.app.test.Invocation_Test" name="user" time="0.000"/>
  <testcase classname="com.app.test.Invocation_Test" name="user" time="0.000"/>
  <testcase classname="com.app.test.Invocation_Test" name="user" time="0.000"/>
  <testcase classname="com.app.test.Invocation_Test" name="user" time="0.001"/>
  <testcase classname="com.app.test.Invocation_Test" name="user" time="0.000"/>
  <testcase classname="com.app.test.Invocation_Test" name="user" time="0.000"/>
  <testcase classname="com.app.test.Invocation_Test" name="user" time="0.000"/>
  <testcase classname="com.app.test.Invocation_Test" name="user" time="0.000"/>
  <testcase classname="com.app.test.Invocation_Test" name="user" time="0.000"/>
  <testcase classname="com.app.test.Invocation_Test" name="user" time="0.001"/>
  <testcase classname="com.app.test.Invocation_Test" name="user" time="0.001"/>
  <testcase classname="com.app.test.Invocation_Test" name="user" time="0.000"/>
  <testcase classname="com.app.test.Invocation_Test" name="user" time="0.001"/>
  <testcase classname="com.app.test.Invocation_Test" name="user" time="0.001"/>
  <testcase classname="com.app.test.Invocation_Test" name="user" time="0.000"/>
  <testcase classname="com.app.test.Invocation_Test" name="user" time="0.000"/>
  <testcase classname="com.app.test.Invocation_Test" name="user" time="0.000"/>
  <testcase classname="com.app.test.Invocation_Test" name="user" time="0.000"/>
  <testcase classname="com.app.test.Invocation_Test" name="user" time="0.000"/>
  <testcase classname="com.app.test.Invocation_Test" name="user" time="0.000"/>
  <testcase classname="com.app.test.Invocation_Test" name="user" time="0.000"/>
  <testcase classname="com.app.test.Invocation_Test" name="user" time="0.000"/>
  <testcase classname="com.app.test.Invocation_Test" name="user" time="0.000"/>
  <testcase classname="com.app.test.Invocation_Test" name="user" time="0.000"/>
  <testcase classname="com.app.test.Invocation_Test" name="user" time="0.000"/>
  <testcase classname="com.app.test.Invocation_Test" name="user" time="0.000"/>
  <testcase classname="com.app.test.Invocation_Test" name="user" time="0.000"/>
  <testcase classname="com.app.test.Invocation_Test" name="user" time="0.000"/>
  <testcase classname="com.app.test.Invocation_Test" name="user" time="0.000"/>
  <testcase classname="com.app.test.Invocation_Test" name="user" time="0.000"/>
  <testcase classname="com.app.test.Invocation_Test" name="user" time="0.000"/>
  <testcase classname="com.app.test.Invocation_Test" name="user" time="0.000"/>
  <testcase classname="com.app.test.Invocation_Test" name="user" time="0.000"/>
  <testcase classname="com.app.test.Invocation_Test" name="user" time="0.000"/>
  <testcase classname="com.app.test.Invocation_Test" name="user" time="0.000"/>
  <testcase classname="com.app.test.Invocation_Test" name="user" time="0.002"/>
  <testcase classname="com.app.test.Invocation_Test" name="user" time="0.000"/>
  <testcase classname="com.app.test.Invocation_Test" name="user" time="0.000"/>
  <testcase classname="com.app.test.Invocation_Test" name="user" time="0.000"/>
  <testcase classname="com.app.test.Invocation_Test" name="user" time="0.000"/>
  <testcase classname="com.app.test.Invocation_Test" name="user" time="0.000"/>
  <testcase classname="com.app.test.Invocation_Test" name="user" time="0.000"/>
  <testcase classname="com.app.test.Invocation_Test" name="user" time="0.000"/>
  <testcase classname="com.app.test.Invocation_Test" name="user" time="0.001"/>
  <testcase classname="com.app.test.Invocation_Test" name="user" time="0.000"/>
  <testcase classname="com.app.test.Invocation_Test" name="user" time="0.000"/>
  <testcase classname="com.app.test.Invocation_Test" name="user" time="0.000"/>
  <testcase classname="com.app.test.Invocation_Test" name="user" time="0.000"/>
  <testcase classname="com.app.test.Invocation_Test" name="user" time="0.002"/>
  <testcase classname="com.app.test.Invocation_Test" name="user" time="0.000"/>
  <testcase classname="com.app.test.Invocation_Test" name="user" time="0.000"/>
  <testcase classname="com.app.test.Invocation_Test" name="user" time="0.000"/>
  <testcase classname="com.app.test.Invocation_Test" name="user" time="0.001"/>
  <testcase classname="com.app.test.Invocation_Test" name="user" time="0.000"/>
  <testcase classname="com.app.test.Invocation_Test" name="user" time="0.001"/>
  <testcase classname="com.app.test.Invocation_Test" name="user" time="0.000"/>
  <testcase classname="com.app.test.Invocation_Test" name="user" time="0.000"/>
  <testcase classname="com.app.test.Invocation_Test" name="user" time="0.001"/>
  <testcase classname="com.app.test.Invocation_Test" name="user" time="0.000"/>
  <testcase classname="com.app.test.Invocation_Test" name="user" time="0.000"/>
  <testcase classname="com.app.test.Invocation_Test" name="user" time="0.000"/>
  <testcase classname="com.app.test.Invocation_Test" name="user" time="0.000"/>
  <testcase classname="com.app.test.Invocation_Test" name="user" time="0.000"/>
  <testcase classname="com.app.test.Invocation_Test" name="user" time="0.002"/>
  <testcase classname="com.app.test.Invocation_Test" name="user" time="0.000"/>
  <testcase classname="com.app.test.Invocation_Test" name="user" time="0.000"/>
  <testcase classname="com.app.test.Invocation_Test" name="user" time="0.000"/>
  <testcase classname="com.app.test.Invocation_Test" name="user" time="0.000"/>
  <testcase classname="com.app.test.Invocation_Test" name="user" time="0.001"/>
  <testcase classname="com.app.test.Invocation_Test" name="user" time="0.001"/>
  <testcase classname="com.app.test.Invocation_Test" name="user" time="0.000"/>
  <testcase classname="com.app.test.Invocation_Test" name="user" time="0.002"/>
  <testcase classname="com.app.test.Invocation_Test" name="user" time="0.001"/>
  <testcase classname="com.app.test.Invocation_Test" name="user" time="0.000"/>
  <testcase classname="com.app.test.Invocation_Test" name="user" time="0.000"/>
  <testcase classname="com.app.test.Invocation_Test" name="user" time="0.000"/>
  <testcase classname="com.app.test.Invocation_Test" name="user" time="0.000"/>
  <testcase classname="com.app.test.Invocation_Test" name="user" time="0.001"/>
  <testcase classname="com.app.test.Invocation_Test" name="user" time="0.001"/>
  <testcase classname="com.app.test.Invocation_Test" name="user" time="0.000"/>
  <testcase classname="com.app.test.Invocation_Test" name="user" time="0.001"/>
  <testcase classname="com.app.test.Invocation_Test" name="user" time="0.001"/>
  <testcase classname="com.app.test.Invocation_Test" name="user" time="0.000"/>
  <testcase classname="com.app.test.Invocation_Test" name="user" time="0.001"/>
  <testcase classname="com.app.test.Invocation_Test" name="user" time="0.000"/>
  <testcase classname="com.app.test.Invocation_Test" name="user" time="0.001"/>
  <testcase classname="com.app.test.Invocation_Test" name="user" time="0.000"/>
  <testcase classname="com.app.test.Invocation_Test" name="user" time="0.000"/>
  <testcase classname="com.app.test.Invocation_Test" name="user" time="0.001"/>
  <testcase classname="com.app.test.Invocation_Test" name="user" time="0.000"/>
  <testcase classname="com.app.test.Invocation_Test" name="user" time="0.002"/>
  <testcase classname="com.app.test.Invocation_Test" name="user" time="0.000"/>
  <testcase classname="com.app.test.Invocation_Test" name="user" time="0.000"/>
  <testcase classname="com.app.test.Invocation_Test" name="user" time="0.000"/>
  <testcase classname="com.app.test.Invocation_Test" name="user" time="0.000"/>
  <testcase classname="com.app.test.Invocation_Test" name="user" time="0.002"/>
  <testcase classname="com.app.test.Invocation_Test" name="user" time="0.000"/>
  <testcase classname="com.app.test.Invocation_Test" name="user" time="0.001"/>
  <testcase classname="com.app.test.Invocation_Test" name="user" time="0.001"/>
  <testcase classname="com.app.test.Invocation_Test" name="user" time="0.001"/>
  <testcase classname="com.app.test.Invocation_Test" name="user" time="0.000"/>
  <testcase classname="com.app.test.Invocation_Test" name="user" time="0.000"/>
  <testcase classname="com.app.test.Invocation_Test" name="user" time="0.000"/>
  <testcase classname="com.app.test.Invocation_Test" name="user" time="0.001"/>
  <testcase classname="com.app.test.Invocation_Test" name="user" time="0.000"/>
  <testcase classname="com.app.test.Invocation_Test" name="user" time="0.000"/>
  <testcase classname="com.app.test.Invocation_Test" name="user" time="0.000"/>
  <testcase classname="com.app.test.Invocation_Test" name="user" time="0.000"/>
  <testcase classname="com.app.test.Invocation_Test" name="user" time="0.000"/>
  <testcase classname="com.app.test.Invocation_Test" name="user" time="0.000"/>
  <testcase classname="com.app.test.Invocation_Test" name="user" time="0.000"/>
  <testcase classname="com.app.test.Invocation_Test" name="user" time="0.001"/>
  <testcase classname="com.app.test.Invocation_Test" name="user" time="0.001"/>
  <testcase classname="com.app.test.Invocation_Test" name="user" time="0.000"/>
  <testcase classname="com.app.test.Invocation_Test" name="user" time="0.000"/>
  <testcase classname="com.app.test.Invocation_Test" name="user" time="0.000"/>
  <testcase classname="com.app.test.Invocation_Test" name="user" time="0.000"/>
  <testcase classname="com.app.test.Invocation_Test" name="user" time="0.000"/>
  <testcase classname="com.app.test.Invocation_Test" name="user" time="0.000"/>
  <testcase classname="com.app.test.Invocation_Test" name="user" time="0.000"/>
  <testcase classname="com.app.test.Invocation_Test" name="user" time="0.000"/>
  <testcase classname="com.app.test.Invocation_Test" name="user" time="0.000"/>
  <testcase classname="com.app.test.Invocation_Test" name="user" time="0.001"/>
  <testcase classname="com.app.test.Invocation_Test" name="user" time="0.001"/>
  <testcase classname="com.app.test.Invocation_Test" name="user" time="0.000"/>
  <testcase classname="com.app.test.Invocation_Test" name="user" time="0.000"/>
  <testcase classname="com.app.test.Invocation_Test" name="user" time="0.000"/>
  <testcase classname="com.app.test.Invocation_Test" name="user" time="0.001"/>
  <testcase classname="com.app.test.Invocation_Test" name="user" time="0.000"/>
  <testcase classname="com.app.test.Invocation_Test" name="user" time="0.000"/>
  <testcase classname="com.app.test.Invocation_Test" name="user" time="0.000"/>
  <testcase classname="com.app.test.Invocation_Test" name="user" time="0.000"/>
  <testcase classname="com.app.test.Invocation_Test" name="user" time="0.000"/>
  <testcase classname="com.app.test.Invocation_Test" name="user" time="0.000"/>
  <testcase classname="com.app.test.Invocation_Test" name="user" time="0.000"/>
  <testcase classname="com.app.test.Invocation_Test" name="user" time="0.000"/>
  <testcase classname="com.app.test.Invocation_Test" name="user" time="0.000"/>
  <testcase classname="com.app.test.Invocation_Test" name="user" time="0.000"/>
  <testcase classname="com.app.test.Invocation_Test" name="user" time="0.000"/>
  <testcase classname="com.app.test.Invocation_Test" name="user" time="0.001"/>
  <testcase classname="com.app.test.Invocation_Test" name="user" time="0.000"/>
  <testcase classname="com.app.test.Invocation_Test" name="user" time="0.002"/>
  <testcase classname="com.app.test.Invocation_Test" name="user" time="0.000"/>
  <testcase classname="com.app.test.Invocation_Test" name="user" time="0.000"/>
  <testcase classname="com.app.test.Invocation_Test" name="user" time="0.001"/>
  <testcase classname="com.app.test.Invocation_Test" name="user" time="0.001"/>
  <testcase classname="com.app.test.Invocation_Test" name="user" time="0.000"/>
  <testcase classname="com.app.test.Invocation_Test" name="user" time="0.000"/>
  <testcase classname="com.app.test.Invocation_Test" name="user" time="0.001"/>
  <testcase classname="com.app.test.Invocation_Test" name="user" time="0.001"/>
  <testcase classname="com.app.test.Invocation_Test" name="user" time="0.000"/>
  <testcase classname="com.app.test.Invocation_Test" name="user" time="0.001"/>
  <testcase classname="com.app.test.Invocation_Test" name="user" time="0.000"/>
  <testcase classname="com.app.test.Invocation_Test" name="user" time="0.000"/>
  <testcase classname="com.app.test.Invocation_Test" name="user" time="0.000"/>
  <testcase classname="com.app.test.Invocation_Test" name="user" time="0.000"/>
  <testcase classname="com.app.test.Invocation_Test" name="user" time="0.000"/>
  <testcase classname="com.app.test.Invocation_Test" name="user" time="0.000"/>
  <testcase classname="com.app.test.Invocation_Test" name="user" time="0.000"/>
  <testcase classname="com.app.test.Invocation_Test" name="user" time="0.000"/>
  <testcase classname="com.app.test.Invocation_Test" name="user" time="0.000"/>
  <testcase classname="com.app.test.Invocation_Test" name="user" time="0.000"/>
  <testcase classname="com.app.test.Invocation_Test" name="user" time="0.001"/>
  <testcase classname="com.app.test.Invocation_Test" name="user" time="0.000"/>
  <testcase classname="com.app.test.Invocation_Test" name="user" time="0.000"/>
  <testcase classname="com.app.test.Invocation_Test" name="user" time="0.000"/>
  <testcase classname="com.app.test.Invocation_Test" name="user" time="0.000"/>
  <testcase classname="com.app.test.Invocation_Test" name="user" time="0.000"/>
  <testcase classname="com.app.test.Invocation_Test" name="user" time="0.000"/>
  <testcase classname="com.app.test.Invocation_Test" name="user" time="0.000"/>
  <testcase classname="com.app.test.Invocation_Test" name="user" time="0.001"/>
  <testcase classname="com.app.test.Invocation_Test" name="user" time="0.000"/>
  <testcase classname="com.app.test.Invocation_Test" name="user" time="0.000"/>
  <testcase classname="com.app.test.Invocation_Test" name="user" time="0.000"/>
  <testcase classname="com.app.test.Invocation_Test" name="user" time="0.000"/>
  <testcase classname="com.app.test.Invocation_Test" name="user" time="0.000"/>
  <testcase classname="com.app.test.Invocation_Test" name="user" time="0.002"/>
  <testcase classname="com.app.test.Invocation_Test" name="user" time="0.000"/>
  <testcase classname="com.app.test.Invocation_Test" name="user" time="0.000"/>
  <testcase classname="com.app.test.Invocation_Test" name="user" time="0.000"/>
  <testcase classname="com.app.test.Invocation_Test" name="user" time="0.001"/>
  <testcase classname="com.app.test.Invocation_Test" name="user" time="0.000"/>
  <testcase classname="com.app.test.Invocation_Test" name="user" time="0.000"/>
  <testcase classname="com.app.test.Invocation_Test" name="user" time="0.000"/>
  <testcase classname="com.app.test.Invocation_Test" name="user" time="0.000"/>
  <testcase classname="com.app.test.Invocation_Test" name="user" time="0.000"/>
  <testcase classname="com.app.test.Invocation_Test" name="user" time="0.001"/>
  <testcase classname="com.app.test.Invocation_Test" name="user" time="0.000"/>
  <testcase classname="com.app.test.Invocation_Test" name="user" time="0.000"/>
  <testcase classname="com.app.test.Invocation_Test" name="user" time="0.000"/>
  <testcase classname="com.app.test.Invocation_Test" name="user" time="0.000"/>
  <testcase classname="com.app.test.Invocation_Test" name="user" time="0.000"/>
  <testcase classname="com.app.test.Invocation_Test" name="user" time="0.000"/>
  <testcase classname="com.app.test.Invocation_Test" name="user" time="0.001"/>
  <testcase classname="com.app.test.Invocation_Test" name="user" time="0.000"/>
  <testcase classname="com.app.test.Invocation_Test" name="user" time="0.000"/>
  <testcase classname="com.app.test.Invocation_Test" name="user" time="0.000"/>
  <testcase classname="com.app.test.Invocation_Test" name="user" time="0.000"/>
  <testcase classname="com.app.test.Invocation_Test" name="user" time="0.001"/>
  <testcase classname="com.app.test.Invocation_Test" name="user" time="0.000"/>
  <testcase classname="com.app.test.Invocation_Test" name="user" time="0.000"/>
  <testcase classname="com.app.test.Invocation_Test" name="user" time="0.000"/>
  <testcase classname="com.app.test.Invocation_Test" name="user" time="0.000"/>
  <testcase classname="com.app.test.Invocation_Test" name="user" time="0.000"/>
  <testcase classname="com.app.test.Invocation_Test" name="user" time="0.000"/>
  <testcase classname="com.app.test.Invocation_Test" name="user" time="0.001"/>
  <testcase classname="com.app.test.Invocation_Test" name="user" time="0.000"/>
  <testcase classname="com.app.test.Invocation_Test" name="user" time="0.000"/>
  <testcase classname="com.app.test.Invocation_Test" name="user" time="0.000"/>
  <testcase classname="com.app.test.Invocation_Test" name="user" time="0.000"/>
  <testcase classname="com.app.test.Invocation_Test" name="user" time="0.000"/>
  <testcase classname="com.app.test.Invocation_Test" name="user" time="0.001"/>
  <testcase classname="com.app.test.Invocation_Test" name="user" time="0.000"/>
  <testcase classname="com.app.test.Invocation_Test" name="user" time="0.000"/>
  <testcase classname="com.app.test.Invocation_Test" name="user" time="0.000"/>
  <testcase classname="com.app.test.Invocation_Test" name="user" time="0.000"/>
  <testcase classname="com.app.test.Invocation_Test" name="user" time="0.000"/>
  <testcase classname="com.app.test.Invocation_Test" name="user" time="0.001"/>
  <testcase classname="com.app.test.Invocation_Test" name="user" time="0.001"/>
  <testcase classname="com.app.test.Invocation_Test" name="user" time="0.001"/>
  <testcase classname="com.app.test.Invocation_Test" name="user" time="0.000"/>
  <testcase classname="com.app.test.Invocation_Test" name="user" time="0.000"/>
  <testcase classname="com.app.test.Invocation_Test" name="user" time="0.000"/>
  <testcase classname="com.app.test.Invocation_Test" name="user" time="0.000"/>
  <testcase classname="com.app.test.Invocation_Test" name="user" time="0.000"/>
  <testcase classname="com.app.test.Invocation_Test" name="user" time="0.000"/>
  <testcase classname="com.app.test.Invocation_Test" name="user" time="0.000"/>
  <testcase classname="com.app.test.Invocation_Test" name="user" time="0.000"/>
  <testcase classname="com.app.test.Invocation_Test" name="user" time="0.000"/>
  <testcase classname="com.app.test.Invocation_Test" name="user" time="0.000"/>
  <testcase classname="com.app.test.Invocation_Test" name="user" time="0.001"/>
  <testcase classname="com.app.test.Invocation_Test" name="user" time="0.000"/>
  <testcase classname="com.app.test.Invocation_Test" name="user" time="0.000"/>
  <testcase classname="com.app.test.Invocation_Test" name="user" time="0.000"/>
  <testcase classname="com.app.test.Invocation_Test" name="user" time="0.000"/>
  <testcase classname="com.app.test.Invocation_Test" name="user" time="0.000"/>
  <testcase classname="com.app.test.Invocation_Test" name="user" time="0.001"/>
  <testcase classname="com.app.test.Invocation_Test" name="user" time="0.000"/>
  <testcase classname="com.app.test.Invocation_Test" name="user" time="0.000"/>
  <testcase classname="com.app.test.Invocation_Test" name="user" time="0.000"/>
  <testcase classname="com.app.test.Invocation_Test" name="user" time="0.000"/>
  <testcase classname="com.app.test.Invocation_Test" name="user" time="0.000"/>
  <testcase classname="com.app.test.Invocation_Test" name="user" time="0.000"/>
  <testcase classname="com.app.test.Invocation_Test" name="user" time="0.000"/>
  <testcase classname="com.app.test.Invocation_Test" name="user" time="0.002"/>
  <testcase classname="com.app.test.Invocation_Test" name="user" time="0.000"/>
  <testcase classname="com.app.test.Invocation_Test" name="user" time="0.000"/>
  <testcase classname="com.app.test.Invocation_Test" name="user" time="0.000"/>
  <testcase classname="com.app.test.Invocation_Test" name="user" time="0.001"/>
  <testcase classname="com.app.test.Invocation_Test" name="user" time="0.002"/>
  <testcase classname="com.app.test.Invocation_Test" name="user" time="0.000"/>
  <testcase classname="com.app.test.Invocation_Test" name="user" time="0.000"/>
  <testcase classname="com.app.test.Invocation_Test" name="user" time="0.000"/>
  <testcase classname="com.app.test.Invocation_Test" name="user" time="0.000"/>
  <testcase classname="com.app.test.Invocation_Test" name="user" time="0.000"/>
  <testcase classname="com.app.test.Invocation_Test" name="user" time="0.000"/>
  <testcase classname="com.app.test.Invocation_Test" name="user" time="0.000"/>
  <testcase classname="com.app.test.Invocation_Test" name="user" time="0.000"/>
  <testcase classname="com.app.test.Invocation_Test" name="user" time="0.001"/>
  <testcase classname="com.app.test.Invocation_Test" name="user" time="0.000"/>
  <testcase classname="com.app.test.Invocation_Test" name="user" time="0.000"/>
  <testcase classname="com.app.test.Invocation_Test" name="user" time="0.000"/>
  <testcase classname="com.app.test.Invocation_Test" name="user" time="0.000"/>
  <testcase classname="com.app.test.Invocation_Test" name="user" time="0.000"/>
  <testcase classname="com.app.test.Invocation_Test" name="user" time="0.000"/>
  <testcase classname="com.app.test.Invocation_Test" name="user" time="0.000"/>
  <testcase classname="com.app.test.Invocation_Test" name="user" time="0.000"/>
  <testcase classname="com.app.test.Invocation_Test" name="user" time="0.001"/>
  <testcase classname="com.app.test.Invocation_Test" name="user" time="0.001"/>
  <testcase classname="com.app.test.Invocation_Test" name="user" time="0.000"/>
  <testcase classname="com.app.test.Invocation_Test" name="user" time="0.000"/>
  <testcase classname="com.app.test.Invocation_Test" name="user" time="0.000"/>
  <testcase classname="com.app.test.Invocation_Test" name="user" time="0.001"/>
  <testcase classname="com.app.test.Invocation_Test" name="user" time="0.000"/>
  <testcase classname="com.app.test.Invocation_Test" name="user" time="0.000"/>
  <testcase classname="com.app.test.Invocation_Test" name="user" time="0.000"/>
  <testcase classname="com.app.test.Invocation_Test" name="user" time="0.000"/>
  <testcase classname="com.app.test.Invocation_Test" name="user" time="0.000"/>
  <testcase classname="com.app.test.Invocation_Test" name="user" time="0.000"/>
  <testcase classname="com.app.test.Invocation_Test" name="user" time="0.000"/>
  <testcase classname="com.app.test.Invocation_Test" name="user" time="0.000"/>
  <testcase classname="com.app.test.Invocation_Test" name="user" time="0.000"/>
  <testcase classname="com.app.test.Invocation_Test" name="user" time="0.001"/>
  <testcase classname="com.app.test.Invocation_Test" name="user" time="0.000"/>
  <testcase classname="com.app.test.Invocation_Test" name="user" time="0.000"/>
  <testcase classname="com.app.test.Invocation_Test" name="user" time="0.000"/>
  <testcase classname="com.app.test.Invocation_Test" name="user" time="0.000"/>
  <testcase classname="com.app.test.Invocation_Test" name="user" time="0.000"/>
  <testcase classname="com.app.test.Invocation_Test" name="user" time="0.000"/>
  <testcase classname="com.app.test.Invocation_Test" name="user" time="0.002"/>
  <testcase classname="com.app.test.Invocation_Test" name="user" time="0.000"/>
  <testcase classname="com.app.test.Invocation_Test" name="user" time="0.000"/>
  <testcase classname="com.app.test.Invocation_Test" name="user" time="0.001"/>
  <testcase classname="com.app.test.Invocation_Test" name="user" time="0.000"/>
  <testcase classname="com.app.test.Invocation_Test" name="user" time="0.000"/>
  <testcase classname="com.app.test.Invocation_Test" name="user" time="0.001"/>
  <testcase classname="com.app.test.Invocation_Test" name="user" time="0.000"/>
  <testcase classname="com.app.test.Invocation_Test" name="user" time="0.000"/>
  <testcase classname="com.app.test.Invocation_Test" name="user" time="0.001"/>
  <testcase classname="com.app.test.Invocation_Test" name="user" time="0.000"/>
  <testcase classname="com.app.test.Invocation_Test" name="user" time="0.000"/>
  <testcase classname="com.app.test.Invocation_Test" name="user" time="0.000"/>
  <testcase classname="com.app.test.Invocation_Test" name="user" time="0.000"/>
  <testcase classname="com.app.test.Invocation_Test" name="user" time="0.001"/>
  <testcase classname="com.app.test.Invocation_Test" name="user" time="0.000"/>
  <testcase classname="com.app.test.Invocation_Test" name="user" time="0.000"/>
  <testcase classname="com.app.test.Invocation_Test" name="user" time="0.008"/>
  <testcase classname="com.app.test.Invocation_Test" name="user" time="0.000"/>
  <testcase classname="com.app.test.Invocation_Test" name="user" time="0.001"/>
  <testcase classname="com.app.test.Invocation_Test" name="user" time="0.000"/>
  <testcase classname="com.app.test.Invocation_Test" name="user" time="0.000"/>
  <testcase classname="com.app.test.Invocation_Test" name="user" time="0.002"/>
  <testcase classname="com.app.test.Invocation_Test" name="user" time="0.000"/>
  <testcase classname="com.app.test.Invocation_Test" name="user" time="0.000"/>
  <testcase classname="com.app.test.Invocation_Test" name="user" time="0.000"/>
  <testcase classname="com.app.test.Invocation_Test" name="user" time="0.000"/>
  <testcase classname="com.app.test.Invocation_Test" name="user" time="0.001"/>
  <testcase classname="com.app.test.Invocation_Test" name="user" time="0.000"/>
  <testcase classname="com.app.test.Invocation_Test" name="user" time="0.000"/>
  <testcase classname="com.app.test.Invocation_Test" name="user" time="0.000"/>
  <testcase classname="com.app.test.Invocation_Test" name="user" time="0.000"/>
  <testcase classname="com.app.test.Invocation_Test" name="user" time="0.001"/>
  <testcase classname="com.app.test.Invocation_Test" name="user" time="0.000"/>
  <testcase classname="com.app.test.Invocation_Test" name="user" time="0.001"/>
  <testcase classname="com.app.test.Invocation_Test" name="user" time="0.000"/>
  <testcase classname="com.app.test.Invocation_Test" name="user" time="0.000"/>
  <testcase classname="com.app.test.Invocation_Test" name="user" time="0.003"/>
  <testcase classname="com.app.test.Invocation_Test" name="user" time="0.000"/>
  <testcase classname="com.app.test.Invocation_Test" name="user" time="0.001"/>
  <testcase classname="com.app.test.Invocation_Test" name="user" time="0.000"/>
  <testcase classname="com.app.test.Invocation_Test" name="user" time="0.000"/>
  <testcase classname="com.app.test.Invocation_Test" name="user" time="0.000"/>
  <testcase classname="com.app.test.Invocation_Test" name="user" time="0.000"/>
  <testcase classname="com.app.test.Invocation_Test" name="user" time="0.000"/>
  <testcase classname="com.app.test.Invocation_Test" name="user" time="0.000"/>
  <testcase classname="com.app.test.Invocation_Test" name="user" time="0.000"/>
  <testcase classname="com.app.test.Invocation_Test" name="user" time="0.002"/>
  <testcase classname="com.app.test.Invocation_Test" name="user" time="0.000"/>
  <testcase classname="com.app.test.Invocation_Test" name="user" time="0.000"/>
  <testcase classname="com.app.test.Invocation_Test" name="user" time="0.000"/>
  <testcase classname="com.app.test.Invocation_Test" name="user" time="0.001"/>
  <testcase classname="com.app.test.Invocation_Test" name="user" time="0.001"/>
  <testcase classname="com.app.test.Invocation_Test" name="user" time="0.001"/>
  <testcase classname="com.app.test.Invocation_Test" name="user" time="0.001"/>
  <testcase classname="com.app.test.Invocation_Test" name="user" time="0.000"/>
  <testcase classname="com.app.test.Invocation_Test" name="user" time="0.000"/>
  <testcase classname="com.app.test.Invocation_Test" name="user" time="0.000"/>
  <testcase classname="com.app.test.Invocation_Test" name="user" time="0.000"/>
  <testcase classname="com.app.test.Invocation_Test" name="user" time="0.000"/>
  <testcase classname="com.app.test.Invocation_Test" name="user" time="0.002"/>
  <testcase classname="com.app.test.Invocation_Test" name="user" time="0.000"/>
  <testcase classname="com.app.test.Invocation_Test" name="user" time="0.000"/>
  <testcase classname="com.app.test.Invocation_Test" name="user" time="0.000"/>
  <testcase classname="com.app.test.Invocation_Test" name="user" time="0.000"/>
  <testcase classname="com.app.test.Invocation_Test" name="user" time="0.000"/>
  <testcase classname="com.app.test.Invocation_Test" name="user" time="0.000"/>
  <testcase classname="com.app.test.Invocation_Test" name="user" time="0.001"/>
  <testcase classname="com.app.test.Invocation_Test" name="user" time="0.000"/>
  <testcase classname="com.app.test.Invocation_Test" name="user" time="0.001"/>
  <testcase classname="com.app.test.Invocation_Test" name="user" time="0.000"/>
  <testcase classname="com.app.test.Invocation_Test" name="user" time="0.000"/>
  <testcase classname="com.app.test.Invocation_Test" name="user" time="0.000"/>
  <testcase classname="com.app.test.Invocation_Test" name="user" time="0.000"/>
  <testcase classname="com.app.test.Invocation_Test" name="user" time="0.000"/>
  <testcase classname="com.app.test.Invocation_Test" name="user" time="0.000"/>
  <testcase classname="com.app.test.Invocation_Test" name="user" time="0.000"/>
  <testcase classname="com.app.test.Invocation_Test" name="user" time="0.001"/>
  <testcase classname="com.app.test.Invocation_Test" name="user" time="0.000"/>
  <testcase classname="com.app.test.Invocation_Test" name="user" time="0.000"/>
  <testcase classname="com.app.test.Invocation_Test" name="user" time="0.000"/>
  <testcase classname="com.app.test.Invocation_Test" name="user" time="0.000"/>
  <testcase classname="com.app.test.Invocation_Test" name="user" time="0.000"/>
  <testcase classname="com.app.test.Invocation_Test" name="user" time="0.000"/>
  <testcase classname="com.app.test.Invocation_Test" name="user" time="0.000"/>
  <testcase classname="com.app.test.Invocation_Test" name="user" time="0.000"/>
  <testcase classname="com.app.test.Invocation_Test" name="user" time="0.001"/>
  <testcase classname="com.app.test.Invocation_Test" name="user" time="0.000"/>
  <testcase classname="com.app.test.Invocation_Test" name="user" time="0.000"/>
  <testcase classname="com.app.test.Invocation_Test" name="user" time="0.000"/>
  <testcase classname="com.app.test.Invocation_Test" name="user" time="0.000"/>
  <testcase classname="com.app.test.Invocation_Test" name="user" time="0.000"/>
  <testcase classname="com.app.test.Invocation_Test" name="user" time="0.000"/>
  <testcase classname="com.app.test.Invocation_Test" name="user" time="0.000"/>
  <testcase classname="com.app.test.Invocation_Test" name="user" time="0.000"/>
  <testcase classname="com.app.test.Invocation_Test" name="user" time="0.003"/>
  <testcase classname="com.app.test.Invocation_Test" name="user" time="0.001"/>
  <testcase classname="com.app.test.Invocation_Test" name="user" time="0.000"/>
  <testcase classname="com.app.test.Invocation_Test" name="user" time="0.001"/>
  <testcase classname="com.app.test.Invocation_Test" name="user" time="0.000"/>
  <testcase classname="com.app.test.Invocation_Test" name="user" time="0.000"/>
  <testcase classname="com.app.test.Invocation_Test" name="user" time="0.000"/>
  <testcase classname="com.app.test.Invocation_Test" name="user" time="0.000"/>
  <testcase classname="com.app.test.Invocation_Test" name="user" time="0.000"/>
  <testcase classname="com.app.test.Invocation_Test" name="user" time="0.000"/>
  <testcase classname="com.app.test.Invocation_Test" name="user" time="0.001"/>
  <testcase classname="com.app.test.Invocation_Test" name="user" time="0.000"/>
  <testcase classname="com.app.test.Invocation_Test" name="user" time="0.000"/>
  <testcase classname="com.app.test.Invocation_Test" name="user" time="0.000"/>
  <testcase classname="com.app.test.Invocation_Test" name="user" time="0.002"/>
  <testcase classname="com.app.test.Invocation_Test" name="user" time="0.001"/>
  <testcase classname="com.app.test.Invocation_Test" name="user" time="0.000"/>
  <testcase classname="com.app.test.Invocation_Test" name="user" time="0.000"/>
  <testcase classname="com.app.test.Invocation_Test" name="user" time="0.000"/>
  <testcase classname="com.app.test.Invocation_Test" name="user" time="0.001"/>
  <testcase classname="com.app.test.Invocation_Test" name="user" time="0.002"/>
  <testcase classname="com.app.test.Invocation_Test" name="user" time="0.000"/>
  <testcase classname="com.app.test.Invocation_Test" name="user" time="0.001"/>
  <testcase classname="com.app.test.Invocation_Test" name="user" time="0.001"/>
  <testcase classname="com.app.test.Invocation_Test" name="user" time="0.000"/>
  <testcase classname="com.app.test.Invocation_Test" name="user" time="0.000"/>
  <testcase classname="com.app.test.Invocation_Test" name="user" time="0.000"/>
  <testcase classname="com.app.test.Invocation_Test" name="user" time="0.001"/>
  <testcase classname="com.app.test.Invocation_Test" name="user" time="0.000"/>
  <testcase classname="com.app.test.Invocation_Test" name="user" time="0.000"/>
  <testcase classname="com.app.test.Invocation_Test" name="user" time="0.000"/>
  <testcase classname="com.app.test.Invocation_Test" name="user" time="0.000"/>
  <testcase classname="com.app.test.Invocation_Test" name="user" time="0.000"/>
  <testcase classname="com.app.test.Invocation_Test" name="user" time="0.000"/>
  <testcase classname="com.app.test.Invocation_Test" name="user" time="0.000"/>
  <testcase classname="com.app.test.Invocation_Test" name="user" time="0.000"/>
  <testcase classname="com.app.test.Invocation_Test" name="user" time="0.001"/>
  <testcase classname="com.app.test.Invocation_Test" name="user" time="0.001"/>
  <testcase classname="com.app.test.Invocation_Test" name="user" time="0.001"/>
  <testcase classname="com.app.test.Invocation_Test" name="user" time="0.000"/>
  <testcase classname="com.app.test.Invocation_Test" name="user" time="0.002"/>
  <testcase classname="com.app.test.Invocation_Test" name="user" time="0.000"/>
  <testcase classname="com.app.test.Invocation_Test" name="user" time="0.000"/>
  <testcase classname="com.app.test.Invocation_Test" name="user" time="0.000"/>
  <testcase classname="com.app.test.Invocation_Test" name="user" time="0.000"/>
  <testcase classname="com.app.test.Invocation_Test" name="user" time="0.000"/>
  <testcase classname="com.app.test.Invocation_Test" name="user" time="0.001"/>
  <testcase classname="com.app.test.Invocation_Test" name="user" time="0.000"/>
  <testcase classname="com.app.test.Invocation_Test" name="user" time="0.000"/>
  <testcase classname="com.app.test.Invocation_Test" name="user" time="0.000"/>
  <testcase classname="com.app.test.Invocation_Test" name="user" time="0.000"/>
  <testcase classname="com.app.test.Invocation_Test" name="user" time="0.000"/>
  <testcase classname="com.app.test.Invocation_Test" name="user" time="0.004"/>
  <testcase classname="com.app.test.Invocation_Test" name="user" time="0.000"/>
  <testcase classname="com.app.test.Invocation_Test" name="user" time="0.000"/>
  <testcase classname="com.app.test.Invocation_Test" name="user" time="0.000"/>
  <testcase classname="com.app.test.Invocation_Test" name="user" time="0.002"/>
  <testcase classname="com.app.test.Invocation_Test" name="user" time="0.001"/>
  <testcase classname="com.app.test.Invocation_Test" name="user" time="0.001"/>
  <testcase classname="com.app.test.Invocation_Test" name="user" time="0.000"/>
  <testcase classname="com.app.test.Invocation_Test" name="user" time="0.000"/>
  <testcase classname="com.app.test.Invocation_Test" name="user" time="0.002"/>
  <testcase classname="com.app.test.Invocation_Test" name="user" time="0.000"/>
  <testcase classname="com.app.test.Invocation_Test" name="user" time="0.001"/>
  <testcase classname="com.app.test.Invocation_Test" name="user" time="0.001"/>
  <testcase classname="com.app.test.Invocation_Test" name="user" time="0.000"/>
  <testcase classname="com.app.test.Invocation_Test" name="user" time="0.000"/>
  <testcase classname="com.app.test.Invocation_Test" name="user" time="0.002"/>
  <testcase classname="com.app.test.Invocation_Test" name="user" time="0.000"/>
  <testcase classname="com.app.test.Invocation_Test" name="user" time="0.000"/>
  <testcase classname="com.app.test.Invocation_Test" name="user" time="0.001"/>
  <testcase classname="com.app.test.Invocation_Test" name="user" time="0.000"/>
  <testcase classname="com.app.test.Invocation_Test" name="user" time="0.001"/>
  <testcase classname="com.app.test.Invocation_Test" name="user" time="0.000"/>
  <testcase classname="com.app.test.Invocation_Test" name="user" time="0.000"/>
  <testcase classname="com.app.test.Invocation_Test" name="user" time="0.000"/>
  <testcase classname="com.app.test.Invocation_Test" name="user" time="0.000"/>
  <testcase classname="com.app.test.Invocation_Test" name="user" time="0.000"/>
  <testcase classname="com.app.test.Invocation_Test" name="user" time="0.000"/>
  <testcase classname="com.app.test.Invocation_Test" name="user" time="0.000"/>
  <testcase classname="com.app.test.Invocation_Test" name="user" time="0.001"/>
  <testcase classname="com.app.test.Invocation_Test" name="user" time="0.000"/>
  <testcase classname="com.app.test.Invocation_Test" name="user" time="0.000"/>
  <testcase classname="com.app.test.Invocation_Test" name="user" time="0.000"/>
  <testcase classname="com.app.test.Invocation_Test" name="user" time="0.000"/>
  <testcase classname="com.app.test.Invocation_Test" name="user" time="0.000"/>
  <testcase classname="com.app.test.Invocation_Test" name="user" time="0.001"/>
  <testcase classname="com.app.test.Invocation_Test" name="user" time="0.000"/>
  <testcase classname="com.app.test.Invocation_Test" name="user" time="0.000"/>
  <testcase classname="com.app.test.Invocation_Test" name="user" time="0.000"/>
  <testcase classname="com.app.test.Invocation_Test" name="user" time="0.001"/>
  <testcase classname="com.app.test.Invocation_Test" name="user" time="0.000"/>
  <testcase classname="com.app.test.Invocation_Test" name="user" time="0.000"/>
  <testcase classname="com.app.test.Invocation_Test" name="user" time="0.000"/>
  <testcase classname="com.app.test.Invocation_Test" name="user" time="0.001"/>
  <testcase classname="com.app.test.Invocation_Test" name="user" time="0.000"/>
  <testcase classname="com.app.test.Invocation_Test" name="user" time="0.000"/>
  <testcase classname="com.app.test.Invocation_Test" name="user" time="0.000"/>
  <testcase classname="com.app.test.Invocation_Test" name="user" time="0.000"/>
  <testcase classname="com.app.test.Invocation_Test" name="user" time="0.001"/>
  <testcase classname="com.app.test.Invocation_Test" name="user" time="0.000"/>
  <testcase classname="com.app.test.Invocation_Test" name="user" time="0.001"/>
  <testcase classname="com.app.test.Invocation_Test" name="user" time="0.003"/>
  <testcase classname="com.app.test.Invocation_Test" name="user" time="0.000"/>
  <testcase classname="com.app.test.Invocation_Test" name="user" time="0.000"/>
  <testcase classname="com.app.test.Invocation_Test" name="user" time="0.000"/>
  <testcase classname="com.app.test.Invocation_Test" name="user" time="0.001"/>
  <testcase classname="com.app.test.Invocation_Test" name="user" time="0.000"/>
  <testcase classname="com.app.test.Invocation_Test" name="user" time="0.000"/>
  <testcase classname="com.app.test.Invocation_Test" name="user" time="0.000"/>
  <testcase classname="com.app.test.Invocation_Test" name="user" time="0.000"/>
  <testcase classname="com.app.test.Invocation_Test" name="user" time="0.000"/>
  <testcase classname="com.app.test.Invocation_Test" name="user" time="0.001"/>
  <testcase classname="com.app.test.Invocation_Test" name="user" time="0.000"/>
  <testcase classname="com.app.test.Invocation_Test" name="user" time="0.000"/>
  <testcase classname="com.app.test.Invocation_Test" name="user" time="0.001"/>
  <testcase classname="com.app.test.Invocation_Test" name="user" time="0.000"/>
  <testcase classname="com.app.test.Invocation_Test" name="user" time="0.000"/>
  <testcase classname="com.app.test.Invocation_Test" name="user" time="0.000"/>
  <testcase classname="com.app.test.Invocation_Test" name="user" time="0.001"/>
  <testcase classname="com.app.test.Invocation_Test" name="user" time="0.000"/>
  <testcase classname="com.app.test.Invocation_Test" name="user" time="0.001"/>
  <testcase classname="com.app.test.Invocation_Test" name="user" time="0.001"/>
  <testcase classname="com.app.test.Invocation_Test" name="user" time="0.000"/>
  <testcase classname="com.app.test.Invocation_Test" name="user" time="0.001"/>
  <testcase classname="com.app.test.Invocation_Test" name="user" time="0.001"/>
  <testcase classname="com.app.test.Invocation_Test" name="user" time="0.000"/>
  <testcase classname="com.app.test.Invocation_Test" name="user" time="0.000"/>
  <testcase classname="com.app.test.Invocation_Test" name="user" time="0.000"/>
  <testcase classname="com.app.test.Invocation_Test" name="user" time="0.000"/>
  <testcase classname="com.app.test.Invocation_Test" name="user" time="0.001"/>
  <testcase classname="com.app.test.Invocation_Test" name="user" time="0.000"/>
  <testcase classname="com.app.test.Invocation_Test" name="user" time="0.000"/>
  <testcase classname="com.app.test.Invocation_Test" name="user" time="0.000"/>
  <testcase classname="com.app.test.Invocation_Test" name="user" time="0.001"/>
  <testcase classname="com.app.test.Invocation_Test" name="user" time="0.001"/>
  <testcase classname="com.app.test.Invocation_Test" name="user" time="0.000"/>
  <testcase classname="com.app.test.Invocation_Test" name="user" time="0.000"/>
  <testcase classname="com.app.test.Invocation_Test" name="user" time="0.000"/>
  <testcase classname="com.app.test.Invocation_Test" name="user" time="0.001"/>
  <testcase classname="com.app.test.Invocation_Test" name="user" time="0.000"/>
  <testcase classname="com.app.test.Invocation_Test" name="user" time="0.000"/>
  <testcase classname="com.app.test.Invocation_Test" name="user" time="0.002"/>
  <testcase classname="com.app.test.Invocation_Test" name="user" time="0.002"/>
  <testcase classname="com.app.test.Invocation_Test" name="user" time="0.000"/>
  <testcase classname="com.app.test.Invocation_Test" name="user" time="0.001"/>
  <testcase classname="com.app.test.Invocation_Test" name="user" time="0.000"/>
  <testcase classname="com.app.test.Invocation_Test" name="user" time="0.000"/>
  <testcase classname="com.app.test.Invocation_Test" name="user" time="0.000"/>
  <testcase classname="com.app.test.Invocation_Test" name="user" time="0.000"/>
  <testcase classname="com.app.test.Invocation_Test" name="user" time="0.000"/>
  <testcase classname="com.app.test.Invocation_Test" name="user" time="0.000"/>
  <testcase classname="com.app.test.Invocation_Test" name="user" time="0.000"/>
  <testcase classname="com.app.test.Invocation_Test" name="user" time="0.000"/>
  <testcase classname="com.app.test.Invocation_Test" name="user" time="0.000"/>
  <testcase classname="com.app.test.Invocation_Test" name="user" time="0.000"/>
  <testcase classname="com.app.test.Invocation_Test" name="user" time="0.000"/>
  <testcase classname="com.app.test.Invocation_Test" name="user" time="0.000"/>
  <testcase classname="com.app.test.Invocation_Test" name="user" time="0.000"/>
  <testcase classname="com.app.test.Invocation_Test" name="user" time="0.000"/>
  <testcase classname="com.app.test.Invocation_Test" name="user" time="0.000"/>
  <testcase classname="com.app.test.Invocation_Test" name="user" time="0.000"/>
  <testcase classname="com.app.test.Invocation_Test" name="user" time="0.000"/>
  <testcase classname="com.app.test.Invocation_Test" name="user" time="0.000"/>
  <testcase classname="com.app.test.Invocation_Test" name="user" time="0.000"/>
  <testcase classname="com.app.test.Invocation_Test" name="user" time="0.000"/>
  <testcase classname="com.app.test.Invocation_Test" name="user" time="0.000"/>
  <testcase classname="com.app.test.Invocation_Test" name="user" time="0.000"/>
</testsuite> <!-- com.app.test.Invocation_Test -->
