<?xml version="1.0" encoding="UTF-8"?>
<!-- Generated by org.testng.reporters.JUnitReportReporter -->
<testsuite ignored="0" hostname="DESKTOP-35HBDVU" failures="0" tests="3" name="com.app.test.Paramter_Test" time="0.010" errors="0" timestamp="30 Mar 2025 06:18:23 GMT" skipped="0">
  <testcase classname="com.app.test.Paramter_Test" name="login" time="0.009"/>
  <testcase classname="com.app.test.Paramter_Test" name="pass" time="0.001"/>
  <testcase classname="com.app.test.Paramter_Test" name="user" time="0.000"/>
</testsuite> <!-- com.app.test.Paramter_Test -->
