<?xml version="1.0" encoding="UTF-8"?>
<!-- Generated by org.testng.reporters.JUnitReportReporter -->
<testsuite ignored="0" hostname="DESKTOP-35HBDVU" failures="0" tests="3" name="com.app.test.TestCaseGroup2" time="0.002" errors="0" timestamp="30 Mar 2025 06:32:10 GMT" skipped="0">
  <testcase classname="com.app.test.TestCaseGroup2" name="test2" time="0.000"/>
  <testcase classname="com.app.test.TestCaseGroup2" name="test1" time="0.001"/>
  <testcase classname="com.app.test.TestCaseGroup2" name="test3" time="0.001"/>
</testsuite> <!-- com.app.test.TestCaseGroup2 -->
