<?xml version="1.0" encoding="UTF-8"?>
<!-- Generated by org.testng.reporters.JUnitReportReporter -->
<testsuite ignored="0" hostname="DESKTOP-35HBDVU" failures="0" tests="3" name="com.app.test.Parallel_CLass1" time="0.012" errors="0" timestamp="05 Apr 2025 00:56:01 GMT" skipped="0">
  <testcase classname="com.app.test.Parallel_CLass1" name="user" time="0.003"/>
  <testcase classname="com.app.test.Parallel_CLass1" name="pass" time="0.002"/>
  <testcase classname="com.app.test.Parallel_CLass1" name="login" time="0.007"/>
</testsuite> <!-- com.app.test.Parallel_CLass1 -->
