<?xml version="1.0" encoding="UTF-8"?>
<!-- Generated by org.testng.reporters.JUnitReportReporter -->
<testsuite ignored="0" hostname="DESKTOP-35HBDVU" failures="0" tests="3" name="com.app.test.TestOne" time="0.003" errors="0" timestamp="30 Mar 2025 06:13:14 GMT" skipped="0">
  <testcase classname="com.app.test.TestOne" name="user" time="0.000"/>
  <testcase classname="com.app.test.TestOne" name="login" time="0.002"/>
  <testcase classname="com.app.test.TestOne" name="pass" time="0.001"/>
</testsuite> <!-- com.app.test.TestOne -->
