<?xml version="1.0" encoding="UTF-8"?>
<!-- Generated by org.testng.reporters.JUnitReportReporter -->
<testsuite ignored="0" hostname="DESKTOP-35HBDVU" failures="0" tests="3" name="com.app.test.TestCaseGroup1" time="0.009" errors="0" timestamp="30 Mar 2025 06:32:10 GMT" skipped="0">
  <testcase classname="com.app.test.TestCaseGroup1" name="login" time="0.007"/>
  <testcase classname="com.app.test.TestCaseGroup1" name="pass" time="0.001"/>
  <testcase classname="com.app.test.TestCaseGroup1" name="user" time="0.001"/>
</testsuite> <!-- com.app.test.TestCaseGroup1 -->
